<?xml version="1.0" encoding="UTF-8"?>
<!-- Generated by org.testng.reporters.JUnitXMLReporter -->
<testsuite ignored="0" hostname="ramesh987" failures="1" tests="3" name="Test" time="0.179" errors="0" timestamp="2024-09-20T21:24:37 IST">
  <testcase classname="listenerpack.TestCaseListenerTest" name="f" time="0.028"/>
  <testcase classname="listenerpack.TestCaseListenerTest" name="g" time="0.02">
    <failure type="java.lang.AssertionError" message="expected [true] but found [false]">
      <![CDATA[java.lang.AssertionError: expected [true] but found [false]
at listenerpack.TestCaseListenerTest.g(TestCaseListenerTest.java:14)
at java.base/java.util.ArrayList.forEach(ArrayList.java:1511)
... Removed 31 stack frames]]>
    </failure>
  </testcase> <!-- g -->
  <testcase classname="listenerpack.TestCaseListenerTest" name="t" time="0.001">
    <skipped/>
  </testcase> <!-- t -->
</testsuite> <!-- Test -->
