<?xml version="1.0" encoding="UTF-8"?>
<!-- Generated by org.testng.reporters.JUnitXMLReporter -->
<testsuite ignored="4" hostname="ramesh987" failures="0" tests="2" name="test1" time="0.105" errors="0" timestamp="2024-09-19T00:04:50 IST">
  <testcase classname="grouping.TestPayment" name="testPaymentRupees" time="0.015"/>
  <testcase classname="grouping.TestPayment" name="testPaymentDollars" time="0.002"/>
  <testcase classname="grouping.TestSignUp" name="testSignUpFacebook" time="0.0">
    <ignored/>
  </testcase> <!-- testSignUpFacebook -->
  <testcase classname="grouping.TestLogin" name="testLoginFacebook" time="0.0">
    <ignored/>
  </testcase> <!-- testLoginFacebook -->
  <testcase classname="grouping.TestSignUp" name="testSinUpEmail" time="0.0">
    <ignored/>
  </testcase> <!-- testSinUpEmail -->
  <testcase classname="grouping.TestLogin" name="testLoginEmail" time="0.0">
    <ignored/>
  </testcase> <!-- testLoginEmail -->
</testsuite> <!-- test1 -->
